<?xml version="1.0" encoding="UTF-8"?>
<testng-results skipped="0" failed="0" total="1" passed="1">
  <reporter-output>
  </reporter-output>
  <suite name="Surefire suite" duration-ms="68" started-at="2021-07-13T14:58:03Z" finished-at="2021-07-13T14:58:03Z">
    <groups>
    </groups>
    <test name="Surefire test" duration-ms="68" started-at="2021-07-13T14:58:03Z" finished-at="2021-07-13T14:58:03Z">
      <class name="AccessPay.Accesspay.AppTest">
        <test-method status="PASS" signature="testApp()[pri:0, instance:testApp(AccessPay.Accesspay.AppTest)]" name="testApp" duration-ms="2" started-at="2021-07-13T15:58:03Z" finished-at="2021-07-13T15:58:03Z">
          <reporter-output>
          </reporter-output>
        </test-method> <!-- testApp -->
      </class> <!-- AccessPay.Accesspay.AppTest -->
    </test> <!-- Surefire test -->
  </suite> <!-- Surefire suite -->
</testng-results>
